<?xml version="1.0" encoding="UTF-8"?>
<!-- Generated by org.testng.reporters.JUnitXMLReporter -->
<testsuite ignored="0" hostname="DESKTOP-C7ALN6B" failures="0" tests="7" name="Default test" time="6.429" errors="0" timestamp="2024-04-13T09:48:26 IST">
  <testcase classname="com.qc.pom.tests.POMTest" name="doLogin" time="0.615"/>
  <testcase classname="com.qc.pom.tests.POMTest" name="doLogin" time="0.599"/>
  <testcase classname="com.qc.pom.tests.POMTest" name="doLogin" time="0.652"/>
  <testcase classname="com.qc.pom.tests.POMTest" name="doLogin" time="0.605"/>
  <testcase classname="com.qc.pom.tests.POMTest" name="doLogin" time="0.709"/>
  <testcase classname="com.qc.pom.tests.POMTest" name="doLogin" time="0.721"/>
  <testcase classname="com.qc.pom.tests.POMTest" name="doLogin" time="1.805"/>
</testsuite> <!-- Default test -->
