<?xml version="1.0" encoding="UTF-8"?>
<!-- Generated by org.testng.reporters.JUnitXMLReporter -->
<testsuite ignored="0" hostname="DESKTOP-C7ALN6B" failures="0" tests="7" name="Test" time="6.74" errors="0" timestamp="2024-04-13T09:59:47 IST">
  <testcase classname="com.qc.pom.tests.POMTest" name="doLogin" time="0.865"/>
  <testcase classname="com.qc.pom.tests.POMTest" name="doLogin" time="0.526"/>
  <testcase classname="com.qc.pom.tests.POMTest" name="doLogin" time="0.717"/>
  <testcase classname="com.qc.pom.tests.POMTest" name="doLogin" time="0.648"/>
  <testcase classname="com.qc.pom.tests.POMTest" name="doLogin" time="0.698"/>
  <testcase classname="com.qc.pom.tests.POMTest" name="doLogin" time="0.662"/>
  <testcase classname="com.qc.pom.tests.POMTest" name="doLogin" time="1.881"/>
</testsuite> <!-- Test -->
