<?xml version="1.0" encoding="UTF-8"?>
<testng-results ignored="0" total="7" passed="7" failed="0" skipped="0">
  <reporter-output>
  </reporter-output>
  <suite started-at="2024-04-13T09:59:40 IST" name="Suite" finished-at="2024-04-13T09:59:47 IST" duration-ms="6740">
    <groups>
    </groups>
    <test started-at="2024-04-13T09:59:40 IST" name="Test" finished-at="2024-04-13T09:59:47 IST" duration-ms="6740">
      <class name="com.qc.pom.tests.POMTest">
        <test-method is-config="true" signature="doSetup()[pri:0, instance:com.qc.pom.tests.POMTest@45ca843]" started-at="2024-04-13T09:59:27 IST" name="doSetup" finished-at="2024-04-13T09:59:40 IST" duration-ms="12852" status="PASS">
          <reporter-output>
          </reporter-output>
        </test-method> <!-- doSetup -->
        <test-method signature="doLogin(java.lang.String,java.lang.String,java.lang.String)[pri:0, instance:com.qc.pom.tests.POMTest@45ca843]" started-at="2024-04-13T09:59:41 IST" name="doLogin" data-provider="loginData" finished-at="2024-04-13T09:59:42 IST" duration-ms="865" status="PASS">
          <params>
            <param index="0">
              <value>
                <![CDATA[Both are empty]]>
              </value>
            </param>
            <param index="1">
              <value>
                <![CDATA[]]>
              </value>
            </param>
            <param index="2">
              <value>
                <![CDATA[]]>
              </value>
            </param>
          </params>
          <reporter-output>
          </reporter-output>
        </test-method> <!-- doLogin -->
        <test-method signature="doLogin(java.lang.String,java.lang.String,java.lang.String)[pri:0, instance:com.qc.pom.tests.POMTest@45ca843]" started-at="2024-04-13T09:59:42 IST" name="doLogin" data-provider="loginData" finished-at="2024-04-13T09:59:42 IST" duration-ms="526" status="PASS">
          <params>
            <param index="0">
              <value>
                <![CDATA[UserName is empty]]>
              </value>
            </param>
            <param index="1">
              <value>
                <![CDATA[]]>
              </value>
            </param>
            <param index="2">
              <value>
                <![CDATA[123456]]>
              </value>
            </param>
          </params>
          <reporter-output>
          </reporter-output>
        </test-method> <!-- doLogin -->
        <test-method signature="doLogin(java.lang.String,java.lang.String,java.lang.String)[pri:0, instance:com.qc.pom.tests.POMTest@45ca843]" started-at="2024-04-13T09:59:42 IST" name="doLogin" data-provider="loginData" finished-at="2024-04-13T09:59:43 IST" duration-ms="717" status="PASS">
          <params>
            <param index="0">
              <value>
                <![CDATA[UserPassword is empty]]>
              </value>
            </param>
            <param index="1">
              <value>
                <![CDATA[queuecodes@gmail.com]]>
              </value>
            </param>
            <param index="2">
              <value>
                <![CDATA[]]>
              </value>
            </param>
          </params>
          <reporter-output>
          </reporter-output>
        </test-method> <!-- doLogin -->
        <test-method signature="doLogin(java.lang.String,java.lang.String,java.lang.String)[pri:0, instance:com.qc.pom.tests.POMTest@45ca843]" started-at="2024-04-13T09:59:43 IST" name="doLogin" data-provider="loginData" finished-at="2024-04-13T09:59:43 IST" duration-ms="648" status="PASS">
          <params>
            <param index="0">
              <value>
                <![CDATA[Both are invalid]]>
              </value>
            </param>
            <param index="1">
              <value>
                <![CDATA[queuecodes]]>
              </value>
            </param>
            <param index="2">
              <value>
                <![CDATA[123456]]>
              </value>
            </param>
          </params>
          <reporter-output>
          </reporter-output>
        </test-method> <!-- doLogin -->
        <test-method signature="doLogin(java.lang.String,java.lang.String,java.lang.String)[pri:0, instance:com.qc.pom.tests.POMTest@45ca843]" started-at="2024-04-13T09:59:43 IST" name="doLogin" data-provider="loginData" finished-at="2024-04-13T09:59:44 IST" duration-ms="698" status="PASS">
          <params>
            <param index="0">
              <value>
                <![CDATA[UserPassword is invalid]]>
              </value>
            </param>
            <param index="1">
              <value>
                <![CDATA[queuecodes@gmail.com]]>
              </value>
            </param>
            <param index="2">
              <value>
                <![CDATA[12345]]>
              </value>
            </param>
          </params>
          <reporter-output>
          </reporter-output>
        </test-method> <!-- doLogin -->
        <test-method signature="doLogin(java.lang.String,java.lang.String,java.lang.String)[pri:0, instance:com.qc.pom.tests.POMTest@45ca843]" started-at="2024-04-13T09:59:44 IST" name="doLogin" data-provider="loginData" finished-at="2024-04-13T09:59:45 IST" duration-ms="662" status="PASS">
          <params>
            <param index="0">
              <value>
                <![CDATA[UserName is invalid]]>
              </value>
            </param>
            <param index="1">
              <value>
                <![CDATA[queuecodes@gmail]]>
              </value>
            </param>
            <param index="2">
              <value>
                <![CDATA[12345]]>
              </value>
            </param>
          </params>
          <reporter-output>
          </reporter-output>
        </test-method> <!-- doLogin -->
        <test-method signature="doLogin(java.lang.String,java.lang.String,java.lang.String)[pri:0, instance:com.qc.pom.tests.POMTest@45ca843]" started-at="2024-04-13T09:59:45 IST" name="doLogin" data-provider="loginData" finished-at="2024-04-13T09:59:47 IST" duration-ms="1881" status="PASS">
          <params>
            <param index="0">
              <value>
                <![CDATA[Both are valid]]>
              </value>
            </param>
            <param index="1">
              <value>
                <![CDATA[queuecodes@gmail.com]]>
              </value>
            </param>
            <param index="2">
              <value>
                <![CDATA[123456]]>
              </value>
            </param>
          </params>
          <reporter-output>
          </reporter-output>
        </test-method> <!-- doLogin -->
        <test-method is-config="true" signature="tearDown()[pri:0, instance:com.qc.pom.tests.POMTest@45ca843]" started-at="2024-04-13T09:59:48 IST" name="tearDown" finished-at="2024-04-13T09:59:48 IST" duration-ms="917" status="PASS">
          <reporter-output>
          </reporter-output>
        </test-method> <!-- tearDown -->
      </class> <!-- com.qc.pom.tests.POMTest -->
    </test> <!-- Test -->
  </suite> <!-- Suite -->
</testng-results>
